# JRE version: OpenJDK Runtime Environment AdoptOpenJDK (11.0.9.1+1) (build 11.0.9.1+1)
# Java VM: OpenJDK 64-Bit Server VM AdoptOpenJDK (11.0.9.1+1, mixed mode, tiered, compressed oops, parallel gc, windows-amd64)
Heap:
 PSYoungGen      total 9216K, used 5631K [0x00000000eab00000, 0x00000000ebb00000, 0x0000000100000000)
  eden space 5632K, 99% used [0x00000000eab00000,0x00000000eb07ffd8,0x00000000eb080000)
  from space 3584K, 0% used [0x00000000eb080000,0x00000000eb080000,0x00000000eb400000)
  to   space 3072K, 0% used [0x00000000eb400000,0x00000000eb400000,0x00000000eb700000)
 ParOldGen       total 142336K, used 142255K [0x00000000c0000000, 0x00000000c8b00000, 0x00000000eab00000)
  object space 142336K, 99% used [0x00000000c0000000,0x00000000c8aebd90,0x00000000c8b00000)
 Metaspace       used 45095K, capacity 47505K, committed 47704K, reserved 1091584K
  class space    used 4606K, capacity 5416K, committed 5464K, reserved 1048576K
GC Heap History (20 events):
Event: 116.560 GC heap before
{Heap before GC invocations=95 (full 7):
 PSYoungGen      total 8704K, used 8680K [0x00000000eab00000, 0x00000000eb800000, 0x0000000100000000)
  eden space 5632K, 100% used [0x00000000eab00000,0x00000000eb080000,0x00000000eb080000)
  from space 3072K, 99% used [0x00000000eb400000,0x00000000eb6fa2f8,0x00000000eb700000)
  to   space 3584K, 0% used [0x00000000eb080000,0x00000000eb080000,0x00000000eb400000)
 ParOldGen       total 142336K, used 138284K [0x00000000c0000000, 0x00000000c8b00000, 0x00000000eab00000)
  object space 142336K, 97% used [0x00000000c0000000,0x00000000c870b338,0x00000000c8b00000)
 Metaspace       used 44980K, capacity 47377K, committed 47448K, reserved 1091584K
  class space    used 4598K, capacity 5416K, committed 5464K, reserved 1048576K
}
Event: 116.563 GC heap after
{Heap after GC invocations=95 (full 7):
 PSYoungGen      total 9216K, used 3567K [0x00000000eab00000, 0x00000000eb800000, 0x0000000100000000)
  eden space 5632K, 0% used [0x00000000eab00000,0x00000000eab00000,0x00000000eb080000)
  from space 3584K, 99% used [0x00000000eb080000,0x00000000eb3fbe30,0x00000000eb400000)
  to   space 3072K, 0% used [0x00000000eb400000,0x00000000eb400000,0x00000000eb700000)
 ParOldGen       total 142336K, used 139133K [0x00000000c0000000, 0x00000000c8b00000, 0x00000000eab00000)
  object space 142336K, 97% used [0x00000000c0000000,0x00000000c87df548,0x00000000c8b00000)
 Metaspace       used 44980K, capacity 47377K, committed 47448K, reserved 1091584K
  class space    used 4598K, capacity 5416K, committed 5464K, reserved 1048576K
}
Event: 116.576 GC heap before
{Heap before GC invocations=96 (full 7):
 PSYoungGen      total 9216K, used 9195K [0x00000000eab00000, 0x00000000eb800000, 0x0000000100000000)
  eden space 5632K, 99% used [0x00000000eab00000,0x00000000eb07f070,0x00000000eb080000)
  from space 3584K, 99% used [0x00000000eb080000,0x00000000eb3fbe30,0x00000000eb400000)
  to   space 3072K, 0% used [0x00000000eb400000,0x00000000eb400000,0x00000000eb700000)
 ParOldGen       total 142336K, used 139133K [0x00000000c0000000, 0x00000000c8b00000, 0x00000000eab00000)
  object space 142336K, 97% used [0x00000000c0000000,0x00000000c87df548,0x00000000c8b00000)
 Metaspace       used 44980K, capacity 47377K, committed 47448K, reserved 1091584K
  class space    used 4598K, capacity 5416K, committed 5464K, reserved 1048576K
}
Event: 116.580 GC heap after
{Heap after GC invocations=96 (full 7):
 PSYoungGen      total 8704K, used 3053K [0x00000000eab00000, 0x00000000eb800000, 0x0000000100000000)
  eden space 5632K, 0% used [0x00000000eab00000,0x00000000eab00000,0x00000000eb080000)
  from space 3072K, 99% used [0x00000000eb400000,0x00000000eb6fb7b8,0x00000000eb700000)
  to   space 3584K, 0% used [0x00000000eb080000,0x00000000eb080000,0x00000000eb400000)
 ParOldGen       total 142336K, used 140884K [0x00000000c0000000, 0x00000000c8b00000, 0x00000000eab00000)
  object space 142336K, 98% used [0x00000000c0000000,0x00000000c8995398,0x00000000c8b00000)
 Metaspace       used 44980K, capacity 47377K, committed 47448K, reserved 1091584K
  class space    used 4598K, capacity 5416K, committed 5464K, reserved 1048576K
}
Event: 116.580 GC heap before
{Heap before GC invocations=97 (full 8):
 PSYoungGen      total 8704K, used 3053K [0x00000000eab00000, 0x00000000eb800000, 0x0000000100000000)
  eden space 5632K, 0% used [0x00000000eab00000,0x00000000eab00000,0x00000000eb080000)
  from space 3072K, 99% used [0x00000000eb400000,0x00000000eb6fb7b8,0x00000000eb700000)
  to   space 3584K, 0% used [0x00000000eb080000,0x00000000eb080000,0x00000000eb400000)
 ParOldGen       total 142336K, used 140884K [0x00000000c0000000, 0x00000000c8b00000, 0x00000000eab00000)
  object space 142336K, 98% used [0x00000000c0000000,0x00000000c8995398,0x00000000c8b00000)
 Metaspace       used 44980K, capacity 47377K, committed 47448K, reserved 1091584K
  class space    used 4598K, capacity 5416K, committed 5464K, reserved 1048576K
}
Event: 116.837 GC heap after
{Heap after GC invocations=97 (full 8):
 PSYoungGen      total 8704K, used 981K [0x00000000eab00000, 0x00000000eb800000, 0x0000000100000000)
  eden space 5632K, 0% used [0x00000000eab00000,0x00000000eab00000,0x00000000eb080000)
  from space 3072K, 31% used [0x00000000eb400000,0x00000000eb4f5518,0x00000000eb700000)
  to   space 3584K, 0% used [0x00000000eb080000,0x00000000eb080000,0x00000000eb400000)
 ParOldGen       total 142336K, used 141894K [0x00000000c0000000, 0x00000000c8b00000, 0x00000000eab00000)
  object space 142336K, 99% used [0x00000000c0000000,0x00000000c8a91850,0x00000000c8b00000)
 Metaspace       used 44980K, capacity 47377K, committed 47448K, reserved 1091584K
  class space    used 4598K, capacity 5416K, committed 5464K, reserved 1048576K
}
Event: 116.889 GC heap before
{Heap before GC invocations=98 (full 9):
 PSYoungGen      total 8704K, used 6613K [0x00000000eab00000, 0x00000000eb800000, 0x0000000100000000)
  eden space 5632K, 100% used [0x00000000eab00000,0x00000000eb080000,0x00000000eb080000)
  from space 3072K, 31% used [0x00000000eb400000,0x00000000eb4f5518,0x00000000eb700000)
  to   space 3584K, 0% used [0x00000000eb080000,0x00000000eb080000,0x00000000eb400000)
 ParOldGen       total 142336K, used 141894K [0x00000000c0000000, 0x00000000c8b00000, 0x00000000eab00000)
  object space 142336K, 99% used [0x00000000c0000000,0x00000000c8a91850,0x00000000c8b00000)
 Metaspace       used 44989K, capacity 47377K, committed 47448K, reserved 1091584K
  class space    used 4598K, capacity 5416K, committed 5464K, reserved 1048576K
}
Event: 116.972 GC heap after
{Heap after GC invocations=98 (full 9):
 PSYoungGen      total 9216K, used 1756K [0x00000000eab00000, 0x00000000eb800000, 0x0000000100000000)
  eden space 5632K, 31% used [0x00000000eab00000,0x00000000eacb7150,0x00000000eb080000)
  from space 3584K, 0% used [0x00000000eb080000,0x00000000eb080000,0x00000000eb400000)
  to   space 3072K, 0% used [0x00000000eb400000,0x00000000eb400000,0x00000000eb700000)
 ParOldGen       total 142336K, used 142271K [0x00000000c0000000, 0x00000000c8b00000, 0x00000000eab00000)
  object space 142336K, 99% used [0x00000000c0000000,0x00000000c8aefc28,0x00000000c8b00000)
 Metaspace       used 44989K, capacity 47377K, committed 47448K, reserved 1091584K
  class space    used 4598K, capacity 5416K, committed 5464K, reserved 1048576K
}
Event: 117.046 GC heap before
{Heap before GC invocations=99 (full 10):
 PSYoungGen      total 9216K, used 5632K [0x00000000eab00000, 0x00000000eb800000, 0x0000000100000000)
  eden space 5632K, 100% used [0x00000000eab00000,0x00000000eb080000,0x00000000eb080000)
  from space 3584K, 0% used [0x00000000eb080000,0x00000000eb080000,0x00000000eb400000)
  to   space 3072K, 0% used [0x00000000eb400000,0x00000000eb400000,0x00000000eb700000)
 ParOldGen       total 142336K, used 142271K [0x00000000c0000000, 0x00000000c8b00000, 0x00000000eab00000)
  object space 142336K, 99% used [0x00000000c0000000,0x00000000c8aefc28,0x00000000c8b00000)
 Metaspace       used 45024K, capacity 47441K, committed 47704K, reserved 1091584K
  class space    used 4601K, capacity 5416K, committed 5464K, reserved 1048576K
}
Event: 117.129 GC heap after
{Heap after GC invocations=99 (full 10):
 PSYoungGen      total 8704K, used 2560K [0x00000000eab00000, 0x00000000eb800000, 0x0000000100000000)
  eden space 5632K, 45% used [0x00000000eab00000,0x00000000ead80258,0x00000000eb080000)
  from space 3072K, 0% used [0x00000000eb400000,0x00000000eb400000,0x00000000eb700000)
  to   space 3584K, 0% used [0x00000000eb080000,0x00000000eb080000,0x00000000eb400000)
 ParOldGen       total 142336K, used 142231K [0x00000000c0000000, 0x00000000c8b00000, 0x00000000eab00000)
  object space 142336K, 99% used [0x00000000c0000000,0x00000000c8ae5c60,0x00000000c8b00000)
 Metaspace       used 45024K, capacity 47441K, committed 47704K, reserved 1091584K
  class space    used 4601K, capacity 5416K, committed 5464K, reserved 1048576K
}
Event: 117.181 GC heap before
{Heap before GC invocations=100 (full 11):
 PSYoungGen      total 8704K, used 5632K [0x00000000eab00000, 0x00000000eb800000, 0x0000000100000000)
  eden space 5632K, 100% used [0x00000000eab00000,0x00000000eb080000,0x00000000eb080000)
  from space 3072K, 0% used [0x00000000eb400000,0x00000000eb400000,0x00000000eb700000)
  to   space 3584K, 0% used [0x00000000eb080000,0x00000000eb080000,0x00000000eb400000)
 ParOldGen       total 142336K, used 142231K [0x00000000c0000000, 0x00000000c8b00000, 0x00000000eab00000)
  object space 142336K, 99% used [0x00000000c0000000,0x00000000c8ae5c60,0x00000000c8b00000)
 Metaspace       used 45026K, capacity 47441K, committed 47704K, reserved 1091584K
  class space    used 4602K, capacity 5416K, committed 5464K, reserved 1048576K
}
Event: 117.336 GC heap after
{Heap after GC invocations=100 (full 11):
 PSYoungGen      total 9216K, used 2734K [0x00000000eab00000, 0x00000000ebb00000, 0x0000000100000000)
  eden space 5632K, 48% used [0x00000000eab00000,0x00000000eadab9e8,0x00000000eb080000)
  from space 3584K, 0% used [0x00000000eb080000,0x00000000eb080000,0x00000000eb400000)
  to   space 3072K, 0% used [0x00000000eb400000,0x00000000eb400000,0x00000000eb700000)
 ParOldGen       total 142336K, used 142219K [0x00000000c0000000, 0x00000000c8b00000, 0x00000000eab00000)
  object space 142336K, 99% used [0x00000000c0000000,0x00000000c8ae2ec0,0x00000000c8b00000)
 Metaspace       used 45026K, capacity 47441K, committed 47704K, reserved 1091584K
  class space    used 4602K, capacity 5416K, committed 5464K, reserved 1048576K
}
Event: 117.401 GC heap before
{Heap before GC invocations=101 (full 12):
 PSYoungGen      total 9216K, used 5632K [0x00000000eab00000, 0x00000000ebb00000, 0x0000000100000000)
  eden space 5632K, 100% used [0x00000000eab00000,0x00000000eb080000,0x00000000eb080000)
  from space 3584K, 0% used [0x00000000eb080000,0x00000000eb080000,0x00000000eb400000)
  to   space 3072K, 0% used [0x00000000eb400000,0x00000000eb400000,0x00000000eb700000)
 ParOldGen       total 142336K, used 142219K [0x00000000c0000000, 0x00000000c8b00000, 0x00000000eab00000)
  object space 142336K, 99% used [0x00000000c0000000,0x00000000c8ae2ec0,0x00000000c8b00000)
 Metaspace       used 45032K, capacity 47441K, committed 47704K, reserved 1091584K
  class space    used 4602K, capacity 5416K, committed 5464K, reserved 1048576K
}
Event: 117.493 GC heap after
{Heap after GC invocations=101 (full 12):
 PSYoungGen      total 8704K, used 2928K [0x00000000eab00000, 0x00000000ebb00000, 0x0000000100000000)
  eden space 5632K, 51% used [0x00000000eab00000,0x00000000eaddc1e8,0x00000000eb080000)
  from space 3072K, 0% used [0x00000000eb400000,0x00000000eb400000,0x00000000eb700000)
  to   space 3584K, 0% used [0x00000000eb080000,0x00000000eb080000,0x00000000eb400000)
 ParOldGen       total 142336K, used 142219K [0x00000000c0000000, 0x00000000c8b00000, 0x00000000eab00000)
  object space 142336K, 99% used [0x00000000c0000000,0x00000000c8ae2ec0,0x00000000c8b00000)
 Metaspace       used 45032K, capacity 47441K, committed 47704K, reserved 1091584K
  class space    used 4602K, capacity 5416K, committed 5464K, reserved 1048576K
}
Event: 117.543 GC heap before
{Heap before GC invocations=102 (full 13):
 PSYoungGen      total 8704K, used 5632K [0x00000000eab00000, 0x00000000ebb00000, 0x0000000100000000)
  eden space 5632K, 100% used [0x00000000eab00000,0x00000000eb080000,0x00000000eb080000)
  from space 3072K, 0% used [0x00000000eb400000,0x00000000eb400000,0x00000000eb700000)
  to   space 3584K, 0% used [0x00000000eb080000,0x00000000eb080000,0x00000000eb400000)
 ParOldGen       total 142336K, used 142219K [0x00000000c0000000, 0x00000000c8b00000, 0x00000000eab00000)
  object space 142336K, 99% used [0x00000000c0000000,0x00000000c8ae2ec0,0x00000000c8b00000)
 Metaspace       used 45036K, capacity 47441K, committed 47704K, reserved 1091584K
  class space    used 4602K, capacity 5416K, committed 5464K, reserved 1048576K
}
Event: 117.638 GC heap after
{Heap after GC invocations=102 (full 13):
 PSYoungGen      total 9216K, used 3180K [0x00000000eab00000, 0x00000000ebb00000, 0x0000000100000000)
  eden space 5632K, 56% used [0x00000000eab00000,0x00000000eae1b380,0x00000000eb080000)
  from space 3584K, 0% used [0x00000000eb080000,0x00000000eb080000,0x00000000eb400000)
  to   space 3072K, 0% used [0x00000000eb400000,0x00000000eb400000,0x00000000eb700000)
 ParOldGen       total 142336K, used 142219K [0x00000000c0000000, 0x00000000c8b00000, 0x00000000eab00000)
  object space 142336K, 99% used [0x00000000c0000000,0x00000000c8ae2ec0,0x00000000c8b00000)
 Metaspace       used 45036K, capacity 47441K, committed 47704K, reserved 1091584K
  class space    used 4602K, capacity 5416K, committed 5464K, reserved 1048576K
}
Event: 117.762 GC heap before
{Heap before GC invocations=103 (full 14):
 PSYoungGen      total 9216K, used 5631K [0x00000000eab00000, 0x00000000ebb00000, 0x0000000100000000)
  eden space 5632K, 99% used [0x00000000eab00000,0x00000000eb07fff8,0x00000000eb080000)
  from space 3584K, 0% used [0x00000000eb080000,0x00000000eb080000,0x00000000eb400000)
  to   space 3072K, 0% used [0x00000000eb400000,0x00000000eb400000,0x00000000eb700000)
 ParOldGen       total 142336K, used 142219K [0x00000000c0000000, 0x00000000c8b00000, 0x00000000eab00000)
  object space 142336K, 99% used [0x00000000c0000000,0x00000000c8ae2ec0,0x00000000c8b00000)
 Metaspace       used 45036K, capacity 47441K, committed 47704K, reserved 1091584K
  class space    used 4602K, capacity 5416K, committed 5464K, reserved 1048576K
}
Event: 117.855 GC heap after
{Heap after GC invocations=103 (full 14):
 PSYoungGen      total 8704K, used 3515K [0x00000000eab00000, 0x00000000ebb00000, 0x0000000100000000)
  eden space 5632K, 62% used [0x00000000eab00000,0x00000000eae6ee30,0x00000000eb080000)
  from space 3072K, 0% used [0x00000000eb400000,0x00000000eb400000,0x00000000eb700000)
  to   space 3584K, 0% used [0x00000000eb080000,0x00000000eb080000,0x00000000eb400000)
 ParOldGen       total 142336K, used 142219K [0x00000000c0000000, 0x00000000c8b00000, 0x00000000eab00000)
  object space 142336K, 99% used [0x00000000c0000000,0x00000000c8ae2ec0,0x00000000c8b00000)
 Metaspace       used 45036K, capacity 47441K, committed 47704K, reserved 1091584K
  class space    used 4602K, capacity 5416K, committed 5464K, reserved 1048576K
}
Event: 117.859 GC heap before
{Heap before GC invocations=104 (full 15):
 PSYoungGen      total 8704K, used 5627K [0x00000000eab00000, 0x00000000ebb00000, 0x0000000100000000)
  eden space 5632K, 99% used [0x00000000eab00000,0x00000000eb07ef50,0x00000000eb080000)
  from space 3072K, 0% used [0x00000000eb400000,0x00000000eb400000,0x00000000eb700000)
  to   space 3584K, 0% used [0x00000000eb080000,0x00000000eb080000,0x00000000eb400000)
 ParOldGen       total 142336K, used 142219K [0x00000000c0000000, 0x00000000c8b00000, 0x00000000eab00000)
  object space 142336K, 99% used [0x00000000c0000000,0x00000000c8ae2ec0,0x00000000c8b00000)
 Metaspace       used 45036K, capacity 47441K, committed 47704K, reserved 1091584K
  class space    used 4602K, capacity 5416K, committed 5464K, reserved 1048576K
}
Event: 118.002 GC heap after
{Heap after GC invocations=104 (full 15):
 PSYoungGen      total 9216K, used 3861K [0x00000000eab00000, 0x00000000ebb00000, 0x0000000100000000)
  eden space 5632K, 68% used [0x00000000eab00000,0x00000000eaec5620,0x00000000eb080000)
  from space 3584K, 0% used [0x00000000eb080000,0x00000000eb080000,0x00000000eb400000)
  to   space 3072K, 0% used [0x00000000eb400000,0x00000000eb400000,0x00000000eb700000)
 ParOldGen       total 142336K, used 142219K [0x00000000c0000000, 0x00000000c8b00000, 0x00000000eab00000)
  object space 142336K, 99% used [0x00000000c0000000,0x00000000c8ae2e90,0x00000000c8b00000)
 Metaspace       used 45036K, capacity 47441K, committed 47704K, reserved 1091584K
  class space    used 4602K, capacity 5416K, committed 5464K, reserved 1048576K
}

